<?xml version="1.0" encoding="UTF-8"?>
<!-- Generated by org.testng.reporters.JUnitXMLReporter -->
<testsuite hostname="DESKTOP-7I28866" name="TestCase104" tests="15" failures="7" timestamp="22 Jul 2016 10:18:41 GMT" time="110.849" errors="0">
  <testcase name="@AfterTest Teardown" time="0.0" classname="com.adactin.Testcases.TestCase101">
    <failure type="org.openqa.selenium.remote.SessionNotFoundException" message="no such session
  (Driver info: chromedriver=2.8.241075,platform=Windows NT 6.3 x86_64) (WARNING: The server did not provide any stacktrace information)
Command duration or timeout: 168 milliseconds
Build info: version: &amp;apos;2.45.0&amp;apos;, revision: &amp;apos;5017cb8&amp;apos;, time: &amp;apos;2015-02-27 00:00:10&amp;apos;
System info: host: &amp;apos;DESKTOP-7I28866&amp;apos;, ip: &amp;apos;192.168.2.12&amp;apos;, os.name: &amp;apos;Windows 10&amp;apos;, os.arch: &amp;apos;amd64&amp;apos;, os.version: &amp;apos;10.0&amp;apos;, java.version: &amp;apos;1.8.0_91&amp;apos;
Driver info: org.openqa.selenium.chrome.ChromeDriver
Capabilities [{applicationCacheEnabled=false, rotatable=false, chrome={userDataDir=C:\Users\sijoy\AppData\Local\Temp\scoped_dir4272_10143}, takesHeapSnapshot=true, databaseEnabled=false, handlesAlerts=true, version=51.0.2704.106, platform=XP, browserConnectionEnabled=false, nativeEvents=true, acceptSslCerts=true, locationContextEnabled=true, webStorageEnabled=true, browserName=chrome, takesScreenshot=true, javascriptEnabled=true, cssSelectorsEnabled=true}]
Session ID: 6cb2914bbcb13baca4394633e58bb836">
      <![CDATA[org.openqa.selenium.remote.SessionNotFoundException: no such session
  (Driver info: chromedriver=2.8.241075,platform=Windows NT 6.3 x86_64) (WARNING: The server did not provide any stacktrace information)
Command duration or timeout: 168 milliseconds
Build info: version: '2.45.0', revision: '5017cb8', time: '2015-02-27 00:00:10'
System info: host: 'DESKTOP-7I28866', ip: '192.168.2.12', os.name: 'Windows 10', os.arch: 'amd64', os.version: '10.0', java.version: '1.8.0_91'
Driver info: org.openqa.selenium.chrome.ChromeDriver
Capabilities [{applicationCacheEnabled=false, rotatable=false, chrome={userDataDir=C:\Users\sijoy\AppData\Local\Temp\scoped_dir4272_10143}, takesHeapSnapshot=true, databaseEnabled=false, handlesAlerts=true, version=51.0.2704.106, platform=XP, browserConnectionEnabled=false, nativeEvents=true, acceptSslCerts=true, locationContextEnabled=true, webStorageEnabled=true, browserName=chrome, takesScreenshot=true, javascriptEnabled=true, cssSelectorsEnabled=true}]
Session ID: 6cb2914bbcb13baca4394633e58bb836
	at org.openqa.selenium.remote.ErrorHandler.createThrowable(ErrorHandler.java:204)
	at org.openqa.selenium.remote.ErrorHandler.throwIfResponseFailed(ErrorHandler.java:162)
	at org.openqa.selenium.remote.RemoteWebDriver.execute(RemoteWebDriver.java:599)
	at org.openqa.selenium.remote.RemoteWebDriver.execute(RemoteWebDriver.java:622)
	at org.openqa.selenium.remote.RemoteWebDriver.close(RemoteWebDriver.java:463)
	at com.adactin.Testcases.TestCase102.Teardown(TestCase102.java:89)
... Removed 26 stack frames]]>
    </failure>
  </testcase> <!-- @AfterTest Teardown -->
  <testcase name="@AfterTest Teardown" time="0.0" classname="com.adactin.Testcases.TestCase101">
    <skipped/>
  </testcase> <!-- @AfterTest Teardown -->
  <testcase name="@AfterTest Teardown" time="0.0" classname="com.adactin.Testcases.TestCase101">
    <skipped/>
  </testcase> <!-- @AfterTest Teardown -->
  <testcase name="@AfterTest Teardown" time="0.0" classname="com.adactin.Testcases.TestCase101">
    <skipped/>
  </testcase> <!-- @AfterTest Teardown -->
  <testcase name="@AfterTest Teardown" time="0.0" classname="com.adactin.Testcases.TestCase101">
    <skipped/>
  </testcase> <!-- @AfterTest Teardown -->
  <testcase name="@AfterTest Teardown" time="0.0" classname="com.adactin.Testcases.TestCase101">
    <skipped/>
  </testcase> <!-- @AfterTest Teardown -->
  <testcase name="@AfterTest Teardown" time="0.0" classname="com.adactin.Testcases.TestCase101">
    <skipped/>
  </testcase> <!-- @AfterTest Teardown -->
  <testcase name="@AfterTest Teardown" time="0.0" classname="com.adactin.Testcases.TestCase101">
    <skipped/>
  </testcase> <!-- @AfterTest Teardown -->
  <testcase name="@AfterTest Teardown" time="0.0" classname="com.adactin.Testcases.TestCase101">
    <skipped/>
  </testcase> <!-- @AfterTest Teardown -->
  <testcase name="@AfterTest Teardown" time="0.0" classname="com.adactin.Testcases.TestCase101">
    <skipped/>
  </testcase> <!-- @AfterTest Teardown -->
  <testcase name="@AfterTest Teardown" time="0.0" classname="com.adactin.Testcases.TestCase101">
    <skipped/>
  </testcase> <!-- @AfterTest Teardown -->
  <testcase name="@AfterTest Teardown" time="0.0" classname="com.adactin.Testcases.TestCase101">
    <skipped/>
  </testcase> <!-- @AfterTest Teardown -->
  <testcase name="@AfterTest Teardown" time="0.0" classname="com.adactin.Testcases.TestCase101">
    <skipped/>
  </testcase> <!-- @AfterTest Teardown -->
  <testcase name="LoginTest" time="2.804" classname="com.adactin.Testcases.TestCase101"/>
  <testcase name="EnterDetailToCompareDate" time="5.922" classname="com.adactin.Testcases.TestCase102"/>
  <testcase name="PastDateEntry" time="5.252" classname="com.adactin.Testcases.TestCase103">
    <failure type="java.lang.AssertionError" message="Error message not displayed even if dates are already past">
      <![CDATA[java.lang.AssertionError: Error message not displayed even if dates are already past
	at org.junit.Assert.fail(Assert.java:88)
	at org.junit.Assert.assertTrue(Assert.java:41)
	at com.adactin.Testcases.TestCase103.PastDateEntry(TestCase103.java:65)
... Removed 24 stack frames]]>
    </failure>
  </testcase> <!-- PastDateEntry -->
  <testcase name="ValidationOfData" time="3.669" classname="com.adactin.Testcases.TestCase104">
    <failure type="java.lang.AssertionError" message="The following asserts failed:
	Total Price calculated is not proper.Actual Price:AUD $ 685 Expected Price:AUD $675 expected [true] but found [false]">
      <![CDATA[java.lang.AssertionError: The following asserts failed:
	Total Price calculated is not proper.Actual Price:AUD $ 685 Expected Price:AUD $675 expected [true] but found [false]
	at com.adactin.Testcases.TestCase104.ValidationOfData(TestCase104.java:56)
... Removed 25 stack frames]]>
    </failure>
  </testcase> <!-- ValidationOfData -->
  <testcase name="PriceWithGSTValidation" time="3.808" classname="com.adactin.Testcases.TestCase110">
    <failure type="java.lang.AssertionError" message="Final Billed Price calculated is not proper.Actual Price:AUD $ 685 Expected Price:AUD $675 expected [true] but found [false]">
      <![CDATA[java.lang.AssertionError: Final Billed Price calculated is not proper.Actual Price:AUD $ 685 Expected Price:AUD $675 expected [true] but found [false]
	at com.adactin.Testcases.TestCase110.PriceWithGSTValidation(TestCase110.java:48)
... Removed 27 stack frames]]>
    </failure>
  </testcase> <!-- PriceWithGSTValidation -->
  <testcase name="PastDateEntry" time="3.942" classname="com.adactin.Testcases.TestCase111"/>
  <testcase name="PriceWithGSTValidation" time="4.216" classname="com.adactin.Testcases.TestCase112">
    <failure type="java.lang.AssertionError" message="Final Billed Price calculated is not proper.Actual Price:AUD $ 753.5 Expected Price:AUD $742.5 expected [true] but found [false]">
      <![CDATA[java.lang.AssertionError: Final Billed Price calculated is not proper.Actual Price:AUD $ 753.5 Expected Price:AUD $742.5 expected [true] but found [false]
	at com.adactin.Testcases.TestCase112.PriceWithGSTValidation(TestCase112.java:48)
... Removed 27 stack frames]]>
    </failure>
  </testcase> <!-- PriceWithGSTValidation -->
  <testcase name="PastDateEntry" time="4.072" classname="com.adactin.Testcases.TestCase113">
    <failure type="java.lang.AssertionError" message="1 Rooms is expected and actual result is 1 Room(s) expected [true] but found [false]">
      <![CDATA[java.lang.AssertionError: 1 Rooms is expected and actual result is 1 Room(s) expected [true] but found [false]
	at com.adactin.Testcases.TestCase113.PastDateEntry(TestCase113.java:63)
... Removed 27 stack frames]]>
    </failure>
  </testcase> <!-- PastDateEntry -->
  <testcase name="loginandSearchhotels" time="3.582" classname="com.adactin.Testcases.TestCase114"/>
  <testcase name="OrderNumberVerification" time="7.752" classname="com.adactin.Testcases.TestCase114"/>
  <testcase name="loginandSearchhotels" time="5.009" classname="com.adactin.Testcases.TestCase115">
    <failure type="java.lang.AssertionError" message="The following asserts failed:
	The iternary details for the order: Cancel LI5R917TTA are ediatble for the field 18/05/2016 expected [false] but found [true],
	The iternary details for the order: Cancel LI5R917TTA are ediatble for the field LI5R917TTA expected [false] but found [true],
	The iternary details for the order: Cancel LI5R917TTA are ediatble for the field 1 Rooms expected [false] but found [true],
	The iternary details for the order: Cancel LI5R917TTA are ediatble for the field Cors expected [false] but found [true],
	The iternary details for the order: Cancel LI5R917TTA are ediatble for the field Double expected [false] but found [true],
	The iternary details for the order: Cancel LI5R917TTA are ediatble for the field 3 Days expected [false] but found [true],
	The iternary details for the order: Cancel LI5R917TTA are ediatble for the field Hotel Creek expected [false] but found [true],
	The iternary details for the order: Cancel LI5R917TTA are ediatble for the field Johan expected [false] but found [true],
	The iternary details for the order: Cancel LI5R917TTA are ediatble for the field 15/05/2016 expected [false] but found [true],
	The iternary details for the order: Cancel LI5R917TTA are ediatble for the field AUD $ 225 expected [false] but found [true],
	The iternary details for the order: Cancel LI5R917TTA are ediatble for the field 142997 expected [false] but found [true],
	The iternary details for the order: Cancel LI5R917TTA are ediatble for the field AUD $ 754 expected [false] but found [true],
	The iternary details for the order: Cancel LI5R917TTA are ediatble for the field Cancel LI5R917TTA expected [false] but found [true],
	The iternary details for the order: Cancel LI5R917TTA are ediatble for the field Sydney expected [false] but found [true]">
      <![CDATA[java.lang.AssertionError: The following asserts failed:
	The iternary details for the order: Cancel LI5R917TTA are ediatble for the field 18/05/2016 expected [false] but found [true],
	The iternary details for the order: Cancel LI5R917TTA are ediatble for the field LI5R917TTA expected [false] but found [true],
	The iternary details for the order: Cancel LI5R917TTA are ediatble for the field 1 Rooms expected [false] but found [true],
	The iternary details for the order: Cancel LI5R917TTA are ediatble for the field Cors expected [false] but found [true],
	The iternary details for the order: Cancel LI5R917TTA are ediatble for the field Double expected [false] but found [true],
	The iternary details for the order: Cancel LI5R917TTA are ediatble for the field 3 Days expected [false] but found [true],
	The iternary details for the order: Cancel LI5R917TTA are ediatble for the field Hotel Creek expected [false] but found [true],
	The iternary details for the order: Cancel LI5R917TTA are ediatble for the field Johan expected [false] but found [true],
	The iternary details for the order: Cancel LI5R917TTA are ediatble for the field 15/05/2016 expected [false] but found [true],
	The iternary details for the order: Cancel LI5R917TTA are ediatble for the field AUD $ 225 expected [false] but found [true],
	The iternary details for the order: Cancel LI5R917TTA are ediatble for the field 142997 expected [false] but found [true],
	The iternary details for the order: Cancel LI5R917TTA are ediatble for the field AUD $ 754 expected [false] but found [true],
	The iternary details for the order: Cancel LI5R917TTA are ediatble for the field Cancel LI5R917TTA expected [false] but found [true],
	The iternary details for the order: Cancel LI5R917TTA are ediatble for the field Sydney expected [false] but found [true]
	at com.adactin.Testcases.TestCase115.loginandSearchhotels(TestCase115.java:41)
... Removed 25 stack frames]]>
    </failure>
  </testcase> <!-- loginandSearchhotels -->
  <testcase name="loginandSearchhotels" time="3.391" classname="com.adactin.Testcases.TestCase116"/>
  <testcase name="CompareBookedWithItenary" time="11.223" classname="com.adactin.Testcases.TestCase116">
    <failure type="java.lang.AssertionError" message="The following asserts failed:
	Rooms does not match:Bookdetails=1 Room(s) Itenarydetails=1 Rooms expected [true] but found [false],
	Last name does not match:Bookdetails= Itenarydetails=Cors expected [true] but found [false],
	Room type does not match:Bookdetails=Deluxe Itenarydetails=Double expected [true] but found [false],
	Total price with gst does not match:Bookdetails=AUD $ 753.5 Itenarydetails=AUD $ 754 expected [true] but found [false]">
      <![CDATA[java.lang.AssertionError: The following asserts failed:
	Rooms does not match:Bookdetails=1 Room(s) Itenarydetails=1 Rooms expected [true] but found [false],
	Last name does not match:Bookdetails= Itenarydetails=Cors expected [true] but found [false],
	Room type does not match:Bookdetails=Deluxe Itenarydetails=Double expected [true] but found [false],
	Total price with gst does not match:Bookdetails=AUD $ 753.5 Itenarydetails=AUD $ 754 expected [true] but found [false]
	at com.adactin.Testcases.TestCase116.CompareBookedWithItenary(TestCase116.java:85)
... Removed 25 stack frames]]>
    </failure>
  </testcase> <!-- CompareBookedWithItenary -->
  <testcase name="SearchOrderId" time="7.933" classname="com.adactin.Testcases.TestCase117"/>
  <testcase name="SearchOrderId" time="36.718" classname="com.adactin.Testcases.TestCase119"/>
</testsuite> <!-- TestCase104 -->
