<html>
<head>
<title>TestNG:  TestCase104</title>
<link href="../testng.css" rel="stylesheet" type="text/css" />
<link href="../my-testng.css" rel="stylesheet" type="text/css" />

<style type="text/css">
.log { display: none;} 
.stack-trace { display: none;} 
</style>
<script type="text/javascript">
<!--
function flip(e) {
  current = e.style.display;
  if (current == 'block') {
    e.style.display = 'none';
    return 0;
  }
  else {
    e.style.display = 'block';
    return 1;
  }
}

function toggleBox(szDivId, elem, msg1, msg2)
{
  var res = -1;  if (document.getElementById) {
    res = flip(document.getElementById(szDivId));
  }
  else if (document.all) {
    // this is the way old msie versions work
    res = flip(document.all[szDivId]);
  }
  if(elem) {
    if(res == 0) elem.innerHTML = msg1; else elem.innerHTML = msg2;
  }

}

function toggleAllBoxes() {
  if (document.getElementsByTagName) {
    d = document.getElementsByTagName('div');
    for (i = 0; i < d.length; i++) {
      if (d[i].className == 'log') {
        flip(d[i]);
      }
    }
  }
}

// -->
</script>

</head>
<body>
<h2 align='center'>TestCase104</h2><table border='1' align="center">
<tr>
<td>Tests passed/Failed/Skipped:</td><td>8/7/0</td>
</tr><tr>
<td>Started on:</td><td>Fri Jul 22 20:16:50 AEST 2016</td>
</tr>
<tr><td>Total time:</td><td>110 seconds (110849 ms)</td>
</tr><tr>
<td>Included groups:</td><td></td>
</tr><tr>
<td>Excluded groups:</td><td></td>
</tr>
</table><p/>
<small><i>(Hover the method name to see the test class name)</i></small><p/>
<table width='100%' border='1' class='invocation-failed'>
<tr><td colspan='4' align='center'><b>FAILED CONFIGURATIONS</b></td></tr>
<tr><td><b>Test method</b></td>
<td width="30%"><b>Exception</b></td>
<td width="10%"><b>Time (seconds)</b></td>
<td><b>Instance</b></td>
</tr>
<tr>
<td title='com.adactin.Testcases.TestCase101.Teardown()'><b>Teardown</b><br>Test class: com.adactin.Testcases.TestCase101</td>
<td><div><pre>org.openqa.selenium.remote.SessionNotFoundException: no such session
  (Driver info: chromedriver=2.8.241075,platform=Windows NT 6.3 x86_64) (WARNING: The server did not provide any stacktrace information)
Command duration or timeout: 168 milliseconds
Build info: version: &apos;2.45.0&apos;, revision: &apos;5017cb8&apos;, time: &apos;2015-02-27 00:00:10&apos;
System info: host: &apos;DESKTOP-7I28866&apos;, ip: &apos;192.168.2.12&apos;, os.name: &apos;Windows 10&apos;, os.arch: &apos;amd64&apos;, os.version: &apos;10.0&apos;, java.version: &apos;1.8.0_91&apos;
Driver info: org.openqa.selenium.chrome.ChromeDriver
Capabilities [{applicationCacheEnabled=false, rotatable=false, chrome={userDataDir=C:\Users\sijoy\AppData\Local\Temp\scoped_dir4272_10143}, takesHeapSnapshot=true, databaseEnabled=false, handlesAlerts=true, version=51.0.2704.106, platform=XP, browserConnectionEnabled=false, nativeEvents=true, acceptSslCerts=true, locationContextEnabled=true, webStorageEnabled=true, browserName=chrome, takesScreenshot=true, javascriptEnabled=true, cssSelectorsEnabled=true}]
Session ID: 6cb2914bbcb13baca4394633e58bb836
	at org.openqa.selenium.remote.ErrorHandler.createThrowable(ErrorHandler.java:204)
	at org.openqa.selenium.remote.ErrorHandler.throwIfResponseFailed(ErrorHandler.java:162)
	at org.openqa.selenium.remote.RemoteWebDriver.execute(RemoteWebDriver.java:599)
	at org.openqa.selenium.remote.RemoteWebDriver.execute(RemoteWebDriver.java:622)
	at org.openqa.selenium.remote.RemoteWebDriver.close(RemoteWebDriver.java:463)
	at com.adactin.Testcases.TestCase102.Teardown(TestCase102.java:89)
... Removed 26 stack frames</pre></div><a href='#' onClick='toggleBox("stack-trace1151512955", this, "Click to show all stack frames", "Click to hide stack frames")'>Click to show all stack frames</a>
<div class='stack-trace' id='stack-trace1151512955'><pre>org.openqa.selenium.remote.SessionNotFoundException: no such session
  (Driver info: chromedriver=2.8.241075,platform=Windows NT 6.3 x86_64) (WARNING: The server did not provide any stacktrace information)
Command duration or timeout: 168 milliseconds
Build info: version: &apos;2.45.0&apos;, revision: &apos;5017cb8&apos;, time: &apos;2015-02-27 00:00:10&apos;
System info: host: &apos;DESKTOP-7I28866&apos;, ip: &apos;192.168.2.12&apos;, os.name: &apos;Windows 10&apos;, os.arch: &apos;amd64&apos;, os.version: &apos;10.0&apos;, java.version: &apos;1.8.0_91&apos;
Driver info: org.openqa.selenium.chrome.ChromeDriver
Capabilities [{applicationCacheEnabled=false, rotatable=false, chrome={userDataDir=C:\Users\sijoy\AppData\Local\Temp\scoped_dir4272_10143}, takesHeapSnapshot=true, databaseEnabled=false, handlesAlerts=true, version=51.0.2704.106, platform=XP, browserConnectionEnabled=false, nativeEvents=true, acceptSslCerts=true, locationContextEnabled=true, webStorageEnabled=true, browserName=chrome, takesScreenshot=true, javascriptEnabled=true, cssSelectorsEnabled=true}]
Session ID: 6cb2914bbcb13baca4394633e58bb836
	at sun.reflect.NativeConstructorAccessorImpl.newInstance0(Native Method)
	at sun.reflect.NativeConstructorAccessorImpl.newInstance(Unknown Source)
	at sun.reflect.DelegatingConstructorAccessorImpl.newInstance(Unknown Source)
	at java.lang.reflect.Constructor.newInstance(Unknown Source)
	at org.openqa.selenium.remote.ErrorHandler.createThrowable(ErrorHandler.java:204)
	at org.openqa.selenium.remote.ErrorHandler.throwIfResponseFailed(ErrorHandler.java:162)
	at org.openqa.selenium.remote.RemoteWebDriver.execute(RemoteWebDriver.java:599)
	at org.openqa.selenium.remote.RemoteWebDriver.execute(RemoteWebDriver.java:622)
	at org.openqa.selenium.remote.RemoteWebDriver.close(RemoteWebDriver.java:463)
	at com.adactin.Testcases.TestCase102.Teardown(TestCase102.java:89)
	at sun.reflect.NativeMethodAccessorImpl.invoke0(Native Method)
	at sun.reflect.NativeMethodAccessorImpl.invoke(Unknown Source)
	at sun.reflect.DelegatingMethodAccessorImpl.invoke(Unknown Source)
	at java.lang.reflect.Method.invoke(Unknown Source)
	at org.testng.internal.MethodInvocationHelper.invokeMethod(MethodInvocationHelper.java:100)
	at org.testng.internal.Invoker.invokeConfigurationMethod(Invoker.java:515)
	at org.testng.internal.Invoker.invokeConfigurations(Invoker.java:216)
	at org.testng.internal.Invoker.invokeConfigurations(Invoker.java:143)
	at org.testng.TestRunner.afterRun(TestRunner.java:973)
	at org.testng.TestRunner.run(TestRunner.java:604)
	at org.testng.SuiteRunner.runTest(SuiteRunner.java:366)
	at org.testng.SuiteRunner.runSequentially(SuiteRunner.java:361)
	at org.testng.SuiteRunner.privateRun(SuiteRunner.java:319)
	at org.testng.SuiteRunner.run(SuiteRunner.java:268)
	at org.testng.SuiteRunnerWorker.runSuite(SuiteRunnerWorker.java:52)
	at org.testng.SuiteRunnerWorker.run(SuiteRunnerWorker.java:86)
	at org.testng.TestNG.runSuitesSequentially(TestNG.java:1264)
	at org.testng.TestNG.runSuitesLocally(TestNG.java:1189)
	at org.testng.TestNG.runSuites(TestNG.java:1104)
	at org.testng.TestNG.run(TestNG.java:1076)
	at org.testng.TestNG.privateMain(TestNG.java:1405)
	at org.testng.TestNG.main(TestNG.java:1374)
</pre></div></td>
<td>0</td>
<td>null</td></tr>
</table><p>
<table width='100%' border='1' class='invocation-skipped'>
<tr><td colspan='4' align='center'><b>SKIPPED CONFIGURATIONS</b></td></tr>
<tr><td><b>Test method</b></td>
<td width="30%"><b>Exception</b></td>
<td width="10%"><b>Time (seconds)</b></td>
<td><b>Instance</b></td>
</tr>
<tr>
<td title='com.adactin.Testcases.TestCase101.Teardown()'><b>Teardown</b><br>Test class: com.adactin.Testcases.TestCase101</td>
<td></td>
<td>0</td>
<td>null</td></tr>
<tr>
<td title='com.adactin.Testcases.TestCase101.Teardown()'><b>Teardown</b><br>Test class: com.adactin.Testcases.TestCase101</td>
<td></td>
<td>0</td>
<td>null</td></tr>
<tr>
<td title='com.adactin.Testcases.TestCase101.Teardown()'><b>Teardown</b><br>Test class: com.adactin.Testcases.TestCase101</td>
<td></td>
<td>0</td>
<td>null</td></tr>
<tr>
<td title='com.adactin.Testcases.TestCase101.Teardown()'><b>Teardown</b><br>Test class: com.adactin.Testcases.TestCase101</td>
<td></td>
<td>0</td>
<td>null</td></tr>
<tr>
<td title='com.adactin.Testcases.TestCase101.Teardown()'><b>Teardown</b><br>Test class: com.adactin.Testcases.TestCase101</td>
<td></td>
<td>0</td>
<td>null</td></tr>
<tr>
<td title='com.adactin.Testcases.TestCase101.Teardown()'><b>Teardown</b><br>Test class: com.adactin.Testcases.TestCase101</td>
<td></td>
<td>0</td>
<td>null</td></tr>
<tr>
<td title='com.adactin.Testcases.TestCase101.Teardown()'><b>Teardown</b><br>Test class: com.adactin.Testcases.TestCase101</td>
<td></td>
<td>0</td>
<td>null</td></tr>
<tr>
<td title='com.adactin.Testcases.TestCase101.Teardown()'><b>Teardown</b><br>Test class: com.adactin.Testcases.TestCase101</td>
<td></td>
<td>0</td>
<td>null</td></tr>
<tr>
<td title='com.adactin.Testcases.TestCase101.Teardown()'><b>Teardown</b><br>Test class: com.adactin.Testcases.TestCase101</td>
<td></td>
<td>0</td>
<td>null</td></tr>
<tr>
<td title='com.adactin.Testcases.TestCase101.Teardown()'><b>Teardown</b><br>Test class: com.adactin.Testcases.TestCase101</td>
<td></td>
<td>0</td>
<td>null</td></tr>
<tr>
<td title='com.adactin.Testcases.TestCase101.Teardown()'><b>Teardown</b><br>Test class: com.adactin.Testcases.TestCase101</td>
<td></td>
<td>0</td>
<td>null</td></tr>
<tr>
<td title='com.adactin.Testcases.TestCase101.Teardown()'><b>Teardown</b><br>Test class: com.adactin.Testcases.TestCase101</td>
<td></td>
<td>0</td>
<td>null</td></tr>
</table><p>
<table width='100%' border='1' class='invocation-failed'>
<tr><td colspan='4' align='center'><b>FAILED TESTS</b></td></tr>
<tr><td><b>Test method</b></td>
<td width="30%"><b>Exception</b></td>
<td width="10%"><b>Time (seconds)</b></td>
<td><b>Instance</b></td>
</tr>
<tr>
<td title='com.adactin.Testcases.TestCase116.CompareBookedWithItenary()'><b>CompareBookedWithItenary</b><br>Test class: com.adactin.Testcases.TestCase116<br>Parameters: {BillingAddr=54 Mons road, FirstName=Johan, CVV=123.0, LastName=Cors, CreditCardNo=1.23456781234567E15, CreditCardType=VISA, ExpiryYear=2017.0, ExpiryMonth=March}</td>
<td><div><pre>java.lang.AssertionError: The following asserts failed:
	Rooms does not match:Bookdetails=1 Room(s) Itenarydetails=1 Rooms expected [true] but found [false],
	Last name does not match:Bookdetails= Itenarydetails=Cors expected [true] but found [false],
	Room type does not match:Bookdetails=Deluxe Itenarydetails=Double expected [true] but found [false],
	Total price with gst does not match:Bookdetails=AUD $ 753.5 Itenarydetails=AUD $ 754 expected [true] but found [false]
	at com.adactin.Testcases.TestCase116.CompareBookedWithItenary(TestCase116.java:85)
... Removed 25 stack frames</pre></div><a href='#' onClick='toggleBox("stack-trace1135935001", this, "Click to show all stack frames", "Click to hide stack frames")'>Click to show all stack frames</a>
<div class='stack-trace' id='stack-trace1135935001'><pre>java.lang.AssertionError: The following asserts failed:
	Rooms does not match:Bookdetails=1 Room(s) Itenarydetails=1 Rooms expected [true] but found [false],
	Last name does not match:Bookdetails= Itenarydetails=Cors expected [true] but found [false],
	Room type does not match:Bookdetails=Deluxe Itenarydetails=Double expected [true] but found [false],
	Total price with gst does not match:Bookdetails=AUD $ 753.5 Itenarydetails=AUD $ 754 expected [true] but found [false]
	at org.testng.asserts.SoftAssert.assertAll(SoftAssert.java:43)
	at com.adactin.Testcases.TestCase116.CompareBookedWithItenary(TestCase116.java:85)
	at sun.reflect.NativeMethodAccessorImpl.invoke0(Native Method)
	at sun.reflect.NativeMethodAccessorImpl.invoke(Unknown Source)
	at sun.reflect.DelegatingMethodAccessorImpl.invoke(Unknown Source)
	at java.lang.reflect.Method.invoke(Unknown Source)
	at org.testng.internal.MethodInvocationHelper.invokeMethod(MethodInvocationHelper.java:100)
	at org.testng.internal.Invoker.invokeMethod(Invoker.java:646)
	at org.testng.internal.Invoker.invokeTestMethod(Invoker.java:811)
	at org.testng.internal.Invoker.invokeTestMethods(Invoker.java:1129)
	at org.testng.internal.TestMethodWorker.invokeTestMethods(TestMethodWorker.java:129)
	at org.testng.internal.TestMethodWorker.run(TestMethodWorker.java:112)
	at org.testng.TestRunner.privateRun(TestRunner.java:746)
	at org.testng.TestRunner.run(TestRunner.java:600)
	at org.testng.SuiteRunner.runTest(SuiteRunner.java:366)
	at org.testng.SuiteRunner.runSequentially(SuiteRunner.java:361)
	at org.testng.SuiteRunner.privateRun(SuiteRunner.java:319)
	at org.testng.SuiteRunner.run(SuiteRunner.java:268)
	at org.testng.SuiteRunnerWorker.runSuite(SuiteRunnerWorker.java:52)
	at org.testng.SuiteRunnerWorker.run(SuiteRunnerWorker.java:86)
	at org.testng.TestNG.runSuitesSequentially(TestNG.java:1264)
	at org.testng.TestNG.runSuitesLocally(TestNG.java:1189)
	at org.testng.TestNG.runSuites(TestNG.java:1104)
	at org.testng.TestNG.run(TestNG.java:1076)
	at org.testng.TestNG.privateMain(TestNG.java:1405)
	at org.testng.TestNG.main(TestNG.java:1374)
</pre></div></td>
<td>11</td>
<td>com.adactin.Testcases.TestCase116@727eb8cb</td></tr>
<tr>
<td title='com.adactin.Testcases.TestCase103.PastDateEntry()'><b>PastDateEntry</b><br>Test class: com.adactin.Testcases.TestCase103<br>Parameters: {Numberroom=1-One, CheckInDate="11/05/2015", CheckOutDate="12/05/2015", Location=Sydney, Hotels=Hotel Creek, Expected_massage=Enter Valid dates, AdultsperRoom=4 - Four, ChildrenperRoom=2 - Two, RoomType=Double}</td>
<td><div><pre>java.lang.AssertionError: Error message not displayed even if dates are already past
	at org.junit.Assert.fail(Assert.java:88)
	at org.junit.Assert.assertTrue(Assert.java:41)
	at com.adactin.Testcases.TestCase103.PastDateEntry(TestCase103.java:65)
... Removed 24 stack frames</pre></div><a href='#' onClick='toggleBox("stack-trace534666530", this, "Click to show all stack frames", "Click to hide stack frames")'>Click to show all stack frames</a>
<div class='stack-trace' id='stack-trace534666530'><pre>java.lang.AssertionError: Error message not displayed even if dates are already past
	at org.junit.Assert.fail(Assert.java:88)
	at org.junit.Assert.assertTrue(Assert.java:41)
	at com.adactin.Testcases.TestCase103.PastDateEntry(TestCase103.java:65)
	at sun.reflect.NativeMethodAccessorImpl.invoke0(Native Method)
	at sun.reflect.NativeMethodAccessorImpl.invoke(Unknown Source)
	at sun.reflect.DelegatingMethodAccessorImpl.invoke(Unknown Source)
	at java.lang.reflect.Method.invoke(Unknown Source)
	at org.testng.internal.MethodInvocationHelper.invokeMethod(MethodInvocationHelper.java:100)
	at org.testng.internal.Invoker.invokeMethod(Invoker.java:646)
	at org.testng.internal.Invoker.invokeTestMethod(Invoker.java:811)
	at org.testng.internal.Invoker.invokeTestMethods(Invoker.java:1129)
	at org.testng.internal.TestMethodWorker.invokeTestMethods(TestMethodWorker.java:129)
	at org.testng.internal.TestMethodWorker.run(TestMethodWorker.java:112)
	at org.testng.TestRunner.privateRun(TestRunner.java:746)
	at org.testng.TestRunner.run(TestRunner.java:600)
	at org.testng.SuiteRunner.runTest(SuiteRunner.java:366)
	at org.testng.SuiteRunner.runSequentially(SuiteRunner.java:361)
	at org.testng.SuiteRunner.privateRun(SuiteRunner.java:319)
	at org.testng.SuiteRunner.run(SuiteRunner.java:268)
	at org.testng.SuiteRunnerWorker.runSuite(SuiteRunnerWorker.java:52)
	at org.testng.SuiteRunnerWorker.run(SuiteRunnerWorker.java:86)
	at org.testng.TestNG.runSuitesSequentially(TestNG.java:1264)
	at org.testng.TestNG.runSuitesLocally(TestNG.java:1189)
	at org.testng.TestNG.runSuites(TestNG.java:1104)
	at org.testng.TestNG.run(TestNG.java:1076)
	at org.testng.TestNG.privateMain(TestNG.java:1405)
	at org.testng.TestNG.main(TestNG.java:1374)
</pre></div></td>
<td>5</td>
<td>com.adactin.Testcases.TestCase103@3406472c</td></tr>
<tr>
<td title='com.adactin.Testcases.TestCase113.PastDateEntry()'><b>PastDateEntry</b><br>Test class: com.adactin.Testcases.TestCase113<br>Parameters: {CheckInDate="15/05/2016", Location=Sydney, ChildrenperRoom=2 - Two, CheckOutDate="18/05/2016", RoomType=Double, AdultsperRoom=4 - Four, Numberroom=1-One, Hotels=Hotel Creek}</td>
<td><div><pre>java.lang.AssertionError: 1 Rooms is expected and actual result is 1 Room(s) expected [true] but found [false]
	at com.adactin.Testcases.TestCase113.PastDateEntry(TestCase113.java:63)
... Removed 27 stack frames</pre></div><a href='#' onClick='toggleBox("stack-trace1852661033", this, "Click to show all stack frames", "Click to hide stack frames")'>Click to show all stack frames</a>
<div class='stack-trace' id='stack-trace1852661033'><pre>java.lang.AssertionError: 1 Rooms is expected and actual result is 1 Room(s) expected [true] but found [false]
	at org.testng.Assert.fail(Assert.java:94)
	at org.testng.Assert.failNotEquals(Assert.java:513)
	at org.testng.Assert.assertTrue(Assert.java:42)
	at com.adactin.Testcases.TestCase113.PastDateEntry(TestCase113.java:63)
	at sun.reflect.NativeMethodAccessorImpl.invoke0(Native Method)
	at sun.reflect.NativeMethodAccessorImpl.invoke(Unknown Source)
	at sun.reflect.DelegatingMethodAccessorImpl.invoke(Unknown Source)
	at java.lang.reflect.Method.invoke(Unknown Source)
	at org.testng.internal.MethodInvocationHelper.invokeMethod(MethodInvocationHelper.java:100)
	at org.testng.internal.Invoker.invokeMethod(Invoker.java:646)
	at org.testng.internal.Invoker.invokeTestMethod(Invoker.java:811)
	at org.testng.internal.Invoker.invokeTestMethods(Invoker.java:1129)
	at org.testng.internal.TestMethodWorker.invokeTestMethods(TestMethodWorker.java:129)
	at org.testng.internal.TestMethodWorker.run(TestMethodWorker.java:112)
	at org.testng.TestRunner.privateRun(TestRunner.java:746)
	at org.testng.TestRunner.run(TestRunner.java:600)
	at org.testng.SuiteRunner.runTest(SuiteRunner.java:366)
	at org.testng.SuiteRunner.runSequentially(SuiteRunner.java:361)
	at org.testng.SuiteRunner.privateRun(SuiteRunner.java:319)
	at org.testng.SuiteRunner.run(SuiteRunner.java:268)
	at org.testng.SuiteRunnerWorker.runSuite(SuiteRunnerWorker.java:52)
	at org.testng.SuiteRunnerWorker.run(SuiteRunnerWorker.java:86)
	at org.testng.TestNG.runSuitesSequentially(TestNG.java:1264)
	at org.testng.TestNG.runSuitesLocally(TestNG.java:1189)
	at org.testng.TestNG.runSuites(TestNG.java:1104)
	at org.testng.TestNG.run(TestNG.java:1076)
	at org.testng.TestNG.privateMain(TestNG.java:1405)
	at org.testng.TestNG.main(TestNG.java:1374)
</pre></div></td>
<td>4</td>
<td>com.adactin.Testcases.TestCase113@40317ba2</td></tr>
<tr>
<td title='com.adactin.Testcases.TestCase110.PriceWithGSTValidation()'><b>PriceWithGSTValidation</b><br>Test class: com.adactin.Testcases.TestCase110<br>Parameters: {CheckInDate="15/05/2016", Location=Sydney, ChildrenperRoom=2 - Two, CheckOutDate="18/05/2016", RoomType=Double, AdultsperRoom=4 - Four, Numberroom=1-One, Hotels=Hotel Creek}</td>
<td><div><pre>java.lang.AssertionError: Final Billed Price calculated is not proper.Actual Price:AUD $ 685 Expected Price:AUD $675 expected [true] but found [false]
	at com.adactin.Testcases.TestCase110.PriceWithGSTValidation(TestCase110.java:48)
... Removed 27 stack frames</pre></div><a href='#' onClick='toggleBox("stack-trace512549200", this, "Click to show all stack frames", "Click to hide stack frames")'>Click to show all stack frames</a>
<div class='stack-trace' id='stack-trace512549200'><pre>java.lang.AssertionError: Final Billed Price calculated is not proper.Actual Price:AUD $ 685 Expected Price:AUD $675 expected [true] but found [false]
	at org.testng.Assert.fail(Assert.java:94)
	at org.testng.Assert.failNotEquals(Assert.java:513)
	at org.testng.Assert.assertTrue(Assert.java:42)
	at com.adactin.Testcases.TestCase110.PriceWithGSTValidation(TestCase110.java:48)
	at sun.reflect.NativeMethodAccessorImpl.invoke0(Native Method)
	at sun.reflect.NativeMethodAccessorImpl.invoke(Unknown Source)
	at sun.reflect.DelegatingMethodAccessorImpl.invoke(Unknown Source)
	at java.lang.reflect.Method.invoke(Unknown Source)
	at org.testng.internal.MethodInvocationHelper.invokeMethod(MethodInvocationHelper.java:100)
	at org.testng.internal.Invoker.invokeMethod(Invoker.java:646)
	at org.testng.internal.Invoker.invokeTestMethod(Invoker.java:811)
	at org.testng.internal.Invoker.invokeTestMethods(Invoker.java:1129)
	at org.testng.internal.TestMethodWorker.invokeTestMethods(TestMethodWorker.java:129)
	at org.testng.internal.TestMethodWorker.run(TestMethodWorker.java:112)
	at org.testng.TestRunner.privateRun(TestRunner.java:746)
	at org.testng.TestRunner.run(TestRunner.java:600)
	at org.testng.SuiteRunner.runTest(SuiteRunner.java:366)
	at org.testng.SuiteRunner.runSequentially(SuiteRunner.java:361)
	at org.testng.SuiteRunner.privateRun(SuiteRunner.java:319)
	at org.testng.SuiteRunner.run(SuiteRunner.java:268)
	at org.testng.SuiteRunnerWorker.runSuite(SuiteRunnerWorker.java:52)
	at org.testng.SuiteRunnerWorker.run(SuiteRunnerWorker.java:86)
	at org.testng.TestNG.runSuitesSequentially(TestNG.java:1264)
	at org.testng.TestNG.runSuitesLocally(TestNG.java:1189)
	at org.testng.TestNG.runSuites(TestNG.java:1104)
	at org.testng.TestNG.run(TestNG.java:1076)
	at org.testng.TestNG.privateMain(TestNG.java:1405)
	at org.testng.TestNG.main(TestNG.java:1374)
</pre></div></td>
<td>3</td>
<td>com.adactin.Testcases.TestCase110@68f4865</td></tr>
<tr>
<td title='com.adactin.Testcases.TestCase112.PriceWithGSTValidation()'><b>PriceWithGSTValidation</b><br>Test class: com.adactin.Testcases.TestCase112<br>Parameters: {CheckInDate="15/05/2016", Location=Sydney, ChildrenperRoom=2 - Two, CheckOutDate="18/05/2016", RoomType=Double, AdultsperRoom=4 - Four, Numberroom=1-One, Hotels=Hotel Creek}</td>
<td><div><pre>java.lang.AssertionError: Final Billed Price calculated is not proper.Actual Price:AUD $ 753.5 Expected Price:AUD $742.5 expected [true] but found [false]
	at com.adactin.Testcases.TestCase112.PriceWithGSTValidation(TestCase112.java:48)
... Removed 27 stack frames</pre></div><a href='#' onClick='toggleBox("stack-trace1291367132", this, "Click to show all stack frames", "Click to hide stack frames")'>Click to show all stack frames</a>
<div class='stack-trace' id='stack-trace1291367132'><pre>java.lang.AssertionError: Final Billed Price calculated is not proper.Actual Price:AUD $ 753.5 Expected Price:AUD $742.5 expected [true] but found [false]
	at org.testng.Assert.fail(Assert.java:94)
	at org.testng.Assert.failNotEquals(Assert.java:513)
	at org.testng.Assert.assertTrue(Assert.java:42)
	at com.adactin.Testcases.TestCase112.PriceWithGSTValidation(TestCase112.java:48)
	at sun.reflect.NativeMethodAccessorImpl.invoke0(Native Method)
	at sun.reflect.NativeMethodAccessorImpl.invoke(Unknown Source)
	at sun.reflect.DelegatingMethodAccessorImpl.invoke(Unknown Source)
	at java.lang.reflect.Method.invoke(Unknown Source)
	at org.testng.internal.MethodInvocationHelper.invokeMethod(MethodInvocationHelper.java:100)
	at org.testng.internal.Invoker.invokeMethod(Invoker.java:646)
	at org.testng.internal.Invoker.invokeTestMethod(Invoker.java:811)
	at org.testng.internal.Invoker.invokeTestMethods(Invoker.java:1129)
	at org.testng.internal.TestMethodWorker.invokeTestMethods(TestMethodWorker.java:129)
	at org.testng.internal.TestMethodWorker.run(TestMethodWorker.java:112)
	at org.testng.TestRunner.privateRun(TestRunner.java:746)
	at org.testng.TestRunner.run(TestRunner.java:600)
	at org.testng.SuiteRunner.runTest(SuiteRunner.java:366)
	at org.testng.SuiteRunner.runSequentially(SuiteRunner.java:361)
	at org.testng.SuiteRunner.privateRun(SuiteRunner.java:319)
	at org.testng.SuiteRunner.run(SuiteRunner.java:268)
	at org.testng.SuiteRunnerWorker.runSuite(SuiteRunnerWorker.java:52)
	at org.testng.SuiteRunnerWorker.run(SuiteRunnerWorker.java:86)
	at org.testng.TestNG.runSuitesSequentially(TestNG.java:1264)
	at org.testng.TestNG.runSuitesLocally(TestNG.java:1189)
	at org.testng.TestNG.runSuites(TestNG.java:1104)
	at org.testng.TestNG.run(TestNG.java:1076)
	at org.testng.TestNG.privateMain(TestNG.java:1405)
	at org.testng.TestNG.main(TestNG.java:1374)
</pre></div></td>
<td>4</td>
<td>com.adactin.Testcases.TestCase112@4eaf3684</td></tr>
<tr>
<td title='com.adactin.Testcases.TestCase104.ValidationOfData()'><b>ValidationOfData</b><br>Test class: com.adactin.Testcases.TestCase104<br>Parameters: {CheckInDate="15/05/2016", Location=Sydney, ChildrenperRoom=2 - Two, CheckOutDate="18/05/2016", RoomType=Double, AdultsperRoom=4 - Four, Numberroom=1-One, Hotels=Hotel Creek}</td>
<td><div><pre>java.lang.AssertionError: The following asserts failed:
	Total Price calculated is not proper.Actual Price:AUD $ 685 Expected Price:AUD $675 expected [true] but found [false]
	at com.adactin.Testcases.TestCase104.ValidationOfData(TestCase104.java:56)
... Removed 25 stack frames</pre></div><a href='#' onClick='toggleBox("stack-trace1937380187", this, "Click to show all stack frames", "Click to hide stack frames")'>Click to show all stack frames</a>
<div class='stack-trace' id='stack-trace1937380187'><pre>java.lang.AssertionError: The following asserts failed:
	Total Price calculated is not proper.Actual Price:AUD $ 685 Expected Price:AUD $675 expected [true] but found [false]
	at org.testng.asserts.SoftAssert.assertAll(SoftAssert.java:43)
	at com.adactin.Testcases.TestCase104.ValidationOfData(TestCase104.java:56)
	at sun.reflect.NativeMethodAccessorImpl.invoke0(Native Method)
	at sun.reflect.NativeMethodAccessorImpl.invoke(Unknown Source)
	at sun.reflect.DelegatingMethodAccessorImpl.invoke(Unknown Source)
	at java.lang.reflect.Method.invoke(Unknown Source)
	at org.testng.internal.MethodInvocationHelper.invokeMethod(MethodInvocationHelper.java:100)
	at org.testng.internal.Invoker.invokeMethod(Invoker.java:646)
	at org.testng.internal.Invoker.invokeTestMethod(Invoker.java:811)
	at org.testng.internal.Invoker.invokeTestMethods(Invoker.java:1129)
	at org.testng.internal.TestMethodWorker.invokeTestMethods(TestMethodWorker.java:129)
	at org.testng.internal.TestMethodWorker.run(TestMethodWorker.java:112)
	at org.testng.TestRunner.privateRun(TestRunner.java:746)
	at org.testng.TestRunner.run(TestRunner.java:600)
	at org.testng.SuiteRunner.runTest(SuiteRunner.java:366)
	at org.testng.SuiteRunner.runSequentially(SuiteRunner.java:361)
	at org.testng.SuiteRunner.privateRun(SuiteRunner.java:319)
	at org.testng.SuiteRunner.run(SuiteRunner.java:268)
	at org.testng.SuiteRunnerWorker.runSuite(SuiteRunnerWorker.java:52)
	at org.testng.SuiteRunnerWorker.run(SuiteRunnerWorker.java:86)
	at org.testng.TestNG.runSuitesSequentially(TestNG.java:1264)
	at org.testng.TestNG.runSuitesLocally(TestNG.java:1189)
	at org.testng.TestNG.runSuites(TestNG.java:1104)
	at org.testng.TestNG.run(TestNG.java:1076)
	at org.testng.TestNG.privateMain(TestNG.java:1405)
	at org.testng.TestNG.main(TestNG.java:1374)
</pre></div></td>
<td>3</td>
<td>com.adactin.Testcases.TestCase104@5717c37</td></tr>
<tr>
<td title='com.adactin.Testcases.TestCase115.loginandSearchhotels()'><b>loginandSearchhotels</b><br>Test class: com.adactin.Testcases.TestCase115<br>Parameters: {OrderNumber=Cancel LI5R917TTA}</td>
<td><div><pre>java.lang.AssertionError: The following asserts failed:
	The iternary details for the order: Cancel LI5R917TTA are ediatble for the field 18/05/2016 expected [false] but found [true],
	The iternary details for the order: Cancel LI5R917TTA are ediatble for the field LI5R917TTA expected [false] but found [true],
	The iternary details for the order: Cancel LI5R917TTA are ediatble for the field 1 Rooms expected [false] but found [true],
	The iternary details for the order: Cancel LI5R917TTA are ediatble for the field Cors expected [false] but found [true],
	The iternary details for the order: Cancel LI5R917TTA are ediatble for the field Double expected [false] but found [true],
	The iternary details for the order: Cancel LI5R917TTA are ediatble for the field 3 Days expected [false] but found [true],
	The iternary details for the order: Cancel LI5R917TTA are ediatble for the field Hotel Creek expected [false] but found [true],
	The iternary details for the order: Cancel LI5R917TTA are ediatble for the field Johan expected [false] but found [true],
	The iternary details for the order: Cancel LI5R917TTA are ediatble for the field 15/05/2016 expected [false] but found [true],
	The iternary details for the order: Cancel LI5R917TTA are ediatble for the field AUD $ 225 expected [false] but found [true],
	The iternary details for the order: Cancel LI5R917TTA are ediatble for the field 142997 expected [false] but found [true],
	The iternary details for the order: Cancel LI5R917TTA are ediatble for the field AUD $ 754 expected [false] but found [true],
	The iternary details for the order: Cancel LI5R917TTA are ediatble for the field Cancel LI5R917TTA expected [false] but found [true],
	The iternary details for the order: Cancel LI5R917TTA are ediatble for the field Sydney expected [false] but found [true]
	at com.adactin.Testcases.TestCase115.loginandSearchhotels(TestCase115.java:41)
... Removed 25 stack frames</pre></div><a href='#' onClick='toggleBox("stack-trace999647352", this, "Click to show all stack frames", "Click to hide stack frames")'>Click to show all stack frames</a>
<div class='stack-trace' id='stack-trace999647352'><pre>java.lang.AssertionError: The following asserts failed:
	The iternary details for the order: Cancel LI5R917TTA are ediatble for the field 18/05/2016 expected [false] but found [true],
	The iternary details for the order: Cancel LI5R917TTA are ediatble for the field LI5R917TTA expected [false] but found [true],
	The iternary details for the order: Cancel LI5R917TTA are ediatble for the field 1 Rooms expected [false] but found [true],
	The iternary details for the order: Cancel LI5R917TTA are ediatble for the field Cors expected [false] but found [true],
	The iternary details for the order: Cancel LI5R917TTA are ediatble for the field Double expected [false] but found [true],
	The iternary details for the order: Cancel LI5R917TTA are ediatble for the field 3 Days expected [false] but found [true],
	The iternary details for the order: Cancel LI5R917TTA are ediatble for the field Hotel Creek expected [false] but found [true],
	The iternary details for the order: Cancel LI5R917TTA are ediatble for the field Johan expected [false] but found [true],
	The iternary details for the order: Cancel LI5R917TTA are ediatble for the field 15/05/2016 expected [false] but found [true],
	The iternary details for the order: Cancel LI5R917TTA are ediatble for the field AUD $ 225 expected [false] but found [true],
	The iternary details for the order: Cancel LI5R917TTA are ediatble for the field 142997 expected [false] but found [true],
	The iternary details for the order: Cancel LI5R917TTA are ediatble for the field AUD $ 754 expected [false] but found [true],
	The iternary details for the order: Cancel LI5R917TTA are ediatble for the field Cancel LI5R917TTA expected [false] but found [true],
	The iternary details for the order: Cancel LI5R917TTA are ediatble for the field Sydney expected [false] but found [true]
	at org.testng.asserts.SoftAssert.assertAll(SoftAssert.java:43)
	at com.adactin.Testcases.TestCase115.loginandSearchhotels(TestCase115.java:41)
	at sun.reflect.NativeMethodAccessorImpl.invoke0(Native Method)
	at sun.reflect.NativeMethodAccessorImpl.invoke(Unknown Source)
	at sun.reflect.DelegatingMethodAccessorImpl.invoke(Unknown Source)
	at java.lang.reflect.Method.invoke(Unknown Source)
	at org.testng.internal.MethodInvocationHelper.invokeMethod(MethodInvocationHelper.java:100)
	at org.testng.internal.Invoker.invokeMethod(Invoker.java:646)
	at org.testng.internal.Invoker.invokeTestMethod(Invoker.java:811)
	at org.testng.internal.Invoker.invokeTestMethods(Invoker.java:1129)
	at org.testng.internal.TestMethodWorker.invokeTestMethods(TestMethodWorker.java:129)
	at org.testng.internal.TestMethodWorker.run(TestMethodWorker.java:112)
	at org.testng.TestRunner.privateRun(TestRunner.java:746)
	at org.testng.TestRunner.run(TestRunner.java:600)
	at org.testng.SuiteRunner.runTest(SuiteRunner.java:366)
	at org.testng.SuiteRunner.runSequentially(SuiteRunner.java:361)
	at org.testng.SuiteRunner.privateRun(SuiteRunner.java:319)
	at org.testng.SuiteRunner.run(SuiteRunner.java:268)
	at org.testng.SuiteRunnerWorker.runSuite(SuiteRunnerWorker.java:52)
	at org.testng.SuiteRunnerWorker.run(SuiteRunnerWorker.java:86)
	at org.testng.TestNG.runSuitesSequentially(TestNG.java:1264)
	at org.testng.TestNG.runSuitesLocally(TestNG.java:1189)
	at org.testng.TestNG.runSuites(TestNG.java:1104)
	at org.testng.TestNG.run(TestNG.java:1076)
	at org.testng.TestNG.privateMain(TestNG.java:1405)
	at org.testng.TestNG.main(TestNG.java:1374)
</pre></div></td>
<td>5</td>
<td>com.adactin.Testcases.TestCase115@45d2ade3</td></tr>
</table><p>
<table width='100%' border='1' class='invocation-passed'>
<tr><td colspan='4' align='center'><b>PASSED TESTS</b></td></tr>
<tr><td><b>Test method</b></td>
<td width="30%"><b>Exception</b></td>
<td width="10%"><b>Time (seconds)</b></td>
<td><b>Instance</b></td>
</tr>
<tr>
<td title='com.adactin.Testcases.TestCase102.EnterDetailToCompareDate()'><b>EnterDetailToCompareDate</b><br>Test class: com.adactin.Testcases.TestCase102<br>Parameters: {Numberroom=1-One, CheckInDate="15/05/2016", CheckOutDate="14/05/2016", Location=Sydney, Hotels=Hotel Creek, Expected_massage=Check-In Date shall be before than Check-Out Date, AdultsperRoom=4 - Four, ChildrenperRoom=2 - Two, RoomType=Double}</td>
<td></td>
<td>5</td>
<td>com.adactin.Testcases.TestCase102@7357a011</td></tr>
<tr>
<td title='com.adactin.Testcases.TestCase101.LoginTest()'><b>LoginTest</b><br>Test class: com.adactin.Testcases.TestCase101</td>
<td></td>
<td>2</td>
<td>com.adactin.Testcases.TestCase101@2474f125</td></tr>
<tr>
<td title='com.adactin.Testcases.TestCase114.OrderNumberVerification()'><b>OrderNumberVerification</b><br>Test class: com.adactin.Testcases.TestCase114<br>Parameters: {BillingAddr=54 Mons road, FirstName=Johan, CVV=123.0, LastName=Cors, CreditCardNo=1.23456781234567E15, CreditCardType=VISA, ExpiryYear=2017.0, ExpiryMonth=March}<br/>
<a href="#Output-839771540" onClick='toggleBox("Output-839771540", this, "Show output", "Hide output");'>Show output</a>

<a href="#Output-839771540" onClick="toggleAllBoxes();">Show all outputs</a>
<div class='log' id="Output-839771540">
The order number generated is :1Q11X57ME9<br/>
</div>
</td>
<td></td>
<td>7</td>
<td>com.adactin.Testcases.TestCase114@3c01cfa1</td></tr>
<tr>
<td title='com.adactin.Testcases.TestCase111.PastDateEntry()'><b>PastDateEntry</b><br>Test class: com.adactin.Testcases.TestCase111<br>Parameters: {CheckInDate="15/05/2016", Location=Sydney, ChildrenperRoom=2 - Two, CheckOutDate="18/05/2016", RoomType=Double, AdultsperRoom=4 - Four, Numberroom=1-One, Hotels=Hotel Creek}</td>
<td></td>
<td>3</td>
<td>com.adactin.Testcases.TestCase111@4816278d</td></tr>
<tr>
<td title='com.adactin.Testcases.TestCase117.SearchOrderId()'><b>SearchOrderId</b><br>Test class: com.adactin.Testcases.TestCase117<br>Parameters: {OrderNumber=G353VBMMJX}</td>
<td></td>
<td>7</td>
<td>com.adactin.Testcases.TestCase117@39d9314d</td></tr>
<tr>
<td title='com.adactin.Testcases.TestCase119.SearchOrderId()'><b>SearchOrderId</b><br>Test class: com.adactin.Testcases.TestCase119</td>
<td></td>
<td>36</td>
<td>com.adactin.Testcases.TestCase119@b978d10</td></tr>
<tr>
<td title='com.adactin.Testcases.TestCase114.loginandSearchhotels()'><b>loginandSearchhotels</b><br>Test class: com.adactin.Testcases.TestCase114<br>Parameters: {CheckInDate="15/05/2016", Location=Sydney, ChildrenperRoom=2 - Two, CheckOutDate="18/05/2016", RoomType=Double, AdultsperRoom=4 - Four, Numberroom=1-One, Hotels=Hotel Creek}</td>
<td></td>
<td>3</td>
<td>com.adactin.Testcases.TestCase114@3c01cfa1</td></tr>
<tr>
<td title='com.adactin.Testcases.TestCase116.loginandSearchhotels()'><b>loginandSearchhotels</b><br>Test class: com.adactin.Testcases.TestCase116<br>Parameters: {CheckInDate="15/05/2016", Location=Sydney, ChildrenperRoom=2 - Two, CheckOutDate="18/05/2016", RoomType=Double, AdultsperRoom=4 - Four, Numberroom=1-One, Hotels=Hotel Creek}</td>
<td></td>
<td>3</td>
<td>com.adactin.Testcases.TestCase116@727eb8cb</td></tr>
</table><p>
</body>
</html>