<?xml version="1.0" encoding="UTF-8"?>
<!-- Generated by org.testng.reporters.JUnitXMLReporter -->
<testsuite hostname="DESKTOP-7I28866" name="TestCase" tests="17" failures="9" timestamp="21 Jul 2016 00:41:48 GMT" time="147.178" errors="0">
  <testcase name="@AfterTest Teardown" time="0.0" classname="com.adactin.Testcases.TestCase101">
    <failure type="org.openqa.selenium.remote.SessionNotFoundException" message="no such session
  (Driver info: chromedriver=2.8.241075,platform=Windows NT 6.3 x86_64) (WARNING: The server did not provide any stacktrace information)
Command duration or timeout: 268 milliseconds
Build info: version: &amp;apos;2.45.0&amp;apos;, revision: &amp;apos;5017cb8&amp;apos;, time: &amp;apos;2015-02-27 00:00:10&amp;apos;
System info: host: &amp;apos;DESKTOP-7I28866&amp;apos;, ip: &amp;apos;192.168.2.12&amp;apos;, os.name: &amp;apos;Windows 10&amp;apos;, os.arch: &amp;apos;amd64&amp;apos;, os.version: &amp;apos;10.0&amp;apos;, java.version: &amp;apos;1.8.0_91&amp;apos;
Driver info: org.openqa.selenium.chrome.ChromeDriver
Capabilities [{applicationCacheEnabled=false, rotatable=false, chrome={userDataDir=C:\Users\sijoy\AppData\Local\Temp\scoped_dir10904_19853}, takesHeapSnapshot=true, databaseEnabled=false, handlesAlerts=true, version=51.0.2704.106, platform=XP, browserConnectionEnabled=false, nativeEvents=true, acceptSslCerts=true, locationContextEnabled=true, webStorageEnabled=true, browserName=chrome, takesScreenshot=true, javascriptEnabled=true, cssSelectorsEnabled=true}]
Session ID: 68a3c2f2283cf829e1b3079eb22657da">
      <![CDATA[org.openqa.selenium.remote.SessionNotFoundException: no such session
  (Driver info: chromedriver=2.8.241075,platform=Windows NT 6.3 x86_64) (WARNING: The server did not provide any stacktrace information)
Command duration or timeout: 268 milliseconds
Build info: version: '2.45.0', revision: '5017cb8', time: '2015-02-27 00:00:10'
System info: host: 'DESKTOP-7I28866', ip: '192.168.2.12', os.name: 'Windows 10', os.arch: 'amd64', os.version: '10.0', java.version: '1.8.0_91'
Driver info: org.openqa.selenium.chrome.ChromeDriver
Capabilities [{applicationCacheEnabled=false, rotatable=false, chrome={userDataDir=C:\Users\sijoy\AppData\Local\Temp\scoped_dir10904_19853}, takesHeapSnapshot=true, databaseEnabled=false, handlesAlerts=true, version=51.0.2704.106, platform=XP, browserConnectionEnabled=false, nativeEvents=true, acceptSslCerts=true, locationContextEnabled=true, webStorageEnabled=true, browserName=chrome, takesScreenshot=true, javascriptEnabled=true, cssSelectorsEnabled=true}]
Session ID: 68a3c2f2283cf829e1b3079eb22657da
	at org.openqa.selenium.remote.ErrorHandler.createThrowable(ErrorHandler.java:204)
	at org.openqa.selenium.remote.ErrorHandler.throwIfResponseFailed(ErrorHandler.java:162)
	at org.openqa.selenium.remote.RemoteWebDriver.execute(RemoteWebDriver.java:599)
	at org.openqa.selenium.remote.RemoteWebDriver.execute(RemoteWebDriver.java:622)
	at org.openqa.selenium.remote.RemoteWebDriver.close(RemoteWebDriver.java:463)
	at com.adactin.Testcases.TestCase102.Teardown(TestCase102.java:89)
... Removed 26 stack frames]]>
    </failure>
  </testcase> <!-- @AfterTest Teardown -->
  <testcase name="@AfterTest Teardown" time="0.0" classname="com.adactin.Testcases.TestCase101">
    <skipped/>
  </testcase> <!-- @AfterTest Teardown -->
  <testcase name="@AfterTest Teardown" time="0.0" classname="com.adactin.Testcases.TestCase101">
    <skipped/>
  </testcase> <!-- @AfterTest Teardown -->
  <testcase name="@AfterTest Teardown" time="0.0" classname="com.adactin.Testcases.TestCase101">
    <skipped/>
  </testcase> <!-- @AfterTest Teardown -->
  <testcase name="@AfterTest Teardown" time="0.0" classname="com.adactin.Testcases.TestCase101">
    <skipped/>
  </testcase> <!-- @AfterTest Teardown -->
  <testcase name="@AfterTest Teardown" time="0.0" classname="com.adactin.Testcases.TestCase101">
    <skipped/>
  </testcase> <!-- @AfterTest Teardown -->
  <testcase name="@AfterTest Teardown" time="0.0" classname="com.adactin.Testcases.TestCase101">
    <skipped/>
  </testcase> <!-- @AfterTest Teardown -->
  <testcase name="@AfterTest Teardown" time="0.0" classname="com.adactin.Testcases.TestCase101">
    <skipped/>
  </testcase> <!-- @AfterTest Teardown -->
  <testcase name="@AfterTest Teardown" time="0.0" classname="com.adactin.Testcases.TestCase101">
    <skipped/>
  </testcase> <!-- @AfterTest Teardown -->
  <testcase name="@AfterTest Teardown" time="0.0" classname="com.adactin.Testcases.TestCase101">
    <skipped/>
  </testcase> <!-- @AfterTest Teardown -->
  <testcase name="@AfterTest Teardown" time="0.0" classname="com.adactin.Testcases.TestCase101">
    <skipped/>
  </testcase> <!-- @AfterTest Teardown -->
  <testcase name="@AfterTest Teardown" time="0.0" classname="com.adactin.Testcases.TestCase101">
    <skipped/>
  </testcase> <!-- @AfterTest Teardown -->
  <testcase name="@AfterTest Teardown" time="0.0" classname="com.adactin.Testcases.TestCase101">
    <skipped/>
  </testcase> <!-- @AfterTest Teardown -->
  <testcase name="PriceWithGSTValidation" time="5.929" classname="com.adactin.Testcases.TestCase110">
    <failure type="java.lang.AssertionError" message="Final Billed Price calculated is not proper.Actual Price:AUD $ 685 Expected Price:AUD $675 expected [true] but found [false]">
      <![CDATA[java.lang.AssertionError: Final Billed Price calculated is not proper.Actual Price:AUD $ 685 Expected Price:AUD $675 expected [true] but found [false]
	at com.adactin.Testcases.TestCase110.PriceWithGSTValidation(TestCase110.java:48)
... Removed 27 stack frames]]>
    </failure>
  </testcase> <!-- PriceWithGSTValidation -->
  <testcase name="PastDateEntry" time="4.066" classname="com.adactin.Testcases.TestCase113">
    <failure type="java.lang.AssertionError" message="1 Rooms is expected and actual result is 1 Room(s) expected [true] but found [false]">
      <![CDATA[java.lang.AssertionError: 1 Rooms is expected and actual result is 1 Room(s) expected [true] but found [false]
	at com.adactin.Testcases.TestCase113.PastDateEntry(TestCase113.java:63)
... Removed 27 stack frames]]>
    </failure>
  </testcase> <!-- PastDateEntry -->
  <testcase name="EnterDetailToCompareDate" time="2.297" classname="com.adactin.Testcases.TestCase102"/>
  <testcase name="PriceWithGSTValidation" time="3.511" classname="com.adactin.Testcases.TestCase112">
    <failure type="java.lang.AssertionError" message="Final Billed Price calculated is not proper.Actual Price:AUD $ 753.5 Expected Price:AUD $742.5 expected [true] but found [false]">
      <![CDATA[java.lang.AssertionError: Final Billed Price calculated is not proper.Actual Price:AUD $ 753.5 Expected Price:AUD $742.5 expected [true] but found [false]
	at com.adactin.Testcases.TestCase112.PriceWithGSTValidation(TestCase112.java:48)
... Removed 27 stack frames]]>
    </failure>
  </testcase> <!-- PriceWithGSTValidation -->
  <testcase name="LoginTest" time="1.232" classname="com.adactin.Testcases.TestCase101"/>
  <testcase name="PastDateEntry" time="4.133" classname="com.adactin.Testcases.TestCase111"/>
  <testcase name="checkasert" time="0.0" classname="com.adactin.Testcases.TestCase111"/>
  <testcase name="OrderNumberVerification" time="0.0" classname="com.adactin.Testcases.TestCase115">
    <failure type="java.lang.NullPointerException">
      <![CDATA[java.lang.NullPointerException
	at com.adactin.Testcases.TestCase115.OrderNumberVerification(TestCase115.java:58)
... Removed 24 stack frames]]>
    </failure>
  </testcase> <!-- OrderNumberVerification -->
  <testcase name="loginandSearchhotels" time="2.257" classname="com.adactin.Testcases.TestCase115"/>
  <testcase name="ValidationOfData" time="4.089" classname="com.adactin.Testcases.TestCase104">
    <failure type="java.lang.AssertionError" message="Total Price calculated is not proper.Actual Price:AUD $ 685 Expected Price:AUD $675">
      <![CDATA[java.lang.AssertionError: Total Price calculated is not proper.Actual Price:AUD $ 685 Expected Price:AUD $675
	at org.junit.Assert.fail(Assert.java:88)
	at org.junit.Assert.assertTrue(Assert.java:41)
	at com.adactin.Testcases.TestCase104.ValidationOfData(TestCase104.java:53)
... Removed 24 stack frames]]>
    </failure>
  </testcase> <!-- ValidationOfData -->
  <testcase name="loginandSearchhotels" time="2.12" classname="com.adactin.Testcases.TestCase114"/>
  <testcase name="OrderNumberVerification" time="7.563" classname="com.adactin.Testcases.TestCase114"/>
  <testcase name="PastDateEntry" time="33.344" classname="com.adactin.Testcases.TestCase103">
    <failure type="java.lang.AssertionError" message="Test Failed.The actual err message is :The error message is not displayed and naviagted to next page .The expected error message is : Enter Valid dates">
      <![CDATA[java.lang.AssertionError: Test Failed.The actual err message is :The error message is not displayed and naviagted to next page .The expected error message is : Enter Valid dates
	at org.junit.Assert.fail(Assert.java:88)
	at org.junit.Assert.assertTrue(Assert.java:41)
	at com.adactin.Testcases.TestCase103.PastDateEntry(TestCase103.java:58)
... Removed 24 stack frames]]>
    </failure>
  </testcase> <!-- PastDateEntry -->
  <testcase name="SearchOrderId" time="36.555" classname="com.adactin.Testcases.TestCase117">
    <failure type="java.lang.NullPointerException">
      <![CDATA[java.lang.NullPointerException
	at com.adactin.Testcases.TestCase117.SearchOrderId(TestCase117.java:35)
... Removed 24 stack frames]]>
    </failure>
  </testcase> <!-- SearchOrderId -->
  <testcase name="CompareBookedWithItenary" time="0.0" classname="com.adactin.Testcases.TestCase116">
    <failure type="java.lang.NullPointerException">
      <![CDATA[java.lang.NullPointerException
	at com.adactin.Testcases.TestCase116.CompareBookedWithItenary(TestCase116.java:61)
... Removed 24 stack frames]]>
    </failure>
  </testcase> <!-- CompareBookedWithItenary -->
  <testcase name="loginandSearchhotels" time="2.077" classname="com.adactin.Testcases.TestCase116">
    <failure type="org.openqa.selenium.InvalidSelectorException" message="invalid selector: Unable to locate an element with the xpath expression html/body/table[2]/tbody/tr[1]/td[2]/a[4] because of the following error:
TypeError: Failed to execute &amp;apos;createNSResolver&amp;apos; on &amp;apos;Document&amp;apos;: parameter 1 is not of type &amp;apos;Node&amp;apos;.
  (Session info: chrome=51.0.2704.106)
  (Driver info: chromedriver=2.8.241075,platform=Windows NT 6.3 x86_64) (WARNING: The server did not provide any stacktrace information)
Command duration or timeout: 1.29 seconds
For documentation on this error, please visit: http://seleniumhq.org/exceptions/invalid_selector_exception.html
Build info: version: &amp;apos;2.45.0&amp;apos;, revision: &amp;apos;5017cb8&amp;apos;, time: &amp;apos;2015-02-27 00:00:10&amp;apos;
System info: host: &amp;apos;DESKTOP-7I28866&amp;apos;, ip: &amp;apos;192.168.2.12&amp;apos;, os.name: &amp;apos;Windows 10&amp;apos;, os.arch: &amp;apos;amd64&amp;apos;, os.version: &amp;apos;10.0&amp;apos;, java.version: &amp;apos;1.8.0_91&amp;apos;
Driver info: org.openqa.selenium.chrome.ChromeDriver
Capabilities [{applicationCacheEnabled=false, rotatable=false, chrome={userDataDir=C:\Users\sijoy\AppData\Local\Temp\scoped_dir10904_19853}, takesHeapSnapshot=true, databaseEnabled=false, handlesAlerts=true, version=51.0.2704.106, platform=XP, browserConnectionEnabled=false, nativeEvents=true, acceptSslCerts=true, locationContextEnabled=true, webStorageEnabled=true, browserName=chrome, takesScreenshot=true, javascriptEnabled=true, cssSelectorsEnabled=true}]
Session ID: 68a3c2f2283cf829e1b3079eb22657da
*** Element info: {Using=xpath, value=html/body/table[2]/tbody/tr[1]/td[2]/a[4]}">
      <![CDATA[org.openqa.selenium.InvalidSelectorException: invalid selector: Unable to locate an element with the xpath expression html/body/table[2]/tbody/tr[1]/td[2]/a[4] because of the following error:
TypeError: Failed to execute 'createNSResolver' on 'Document': parameter 1 is not of type 'Node'.
  (Session info: chrome=51.0.2704.106)
  (Driver info: chromedriver=2.8.241075,platform=Windows NT 6.3 x86_64) (WARNING: The server did not provide any stacktrace information)
Command duration or timeout: 1.29 seconds
For documentation on this error, please visit: http://seleniumhq.org/exceptions/invalid_selector_exception.html
Build info: version: '2.45.0', revision: '5017cb8', time: '2015-02-27 00:00:10'
System info: host: 'DESKTOP-7I28866', ip: '192.168.2.12', os.name: 'Windows 10', os.arch: 'amd64', os.version: '10.0', java.version: '1.8.0_91'
Driver info: org.openqa.selenium.chrome.ChromeDriver
Capabilities [{applicationCacheEnabled=false, rotatable=false, chrome={userDataDir=C:\Users\sijoy\AppData\Local\Temp\scoped_dir10904_19853}, takesHeapSnapshot=true, databaseEnabled=false, handlesAlerts=true, version=51.0.2704.106, platform=XP, browserConnectionEnabled=false, nativeEvents=true, acceptSslCerts=true, locationContextEnabled=true, webStorageEnabled=true, browserName=chrome, takesScreenshot=true, javascriptEnabled=true, cssSelectorsEnabled=true}]
Session ID: 68a3c2f2283cf829e1b3079eb22657da
*** Element info: {Using=xpath, value=html/body/table[2]/tbody/tr[1]/td[2]/a[4]}
	at org.openqa.selenium.remote.ErrorHandler.createThrowable(ErrorHandler.java:204)
	at org.openqa.selenium.remote.ErrorHandler.throwIfResponseFailed(ErrorHandler.java:156)
	at org.openqa.selenium.remote.RemoteWebDriver.execute(RemoteWebDriver.java:599)
	at org.openqa.selenium.remote.RemoteWebDriver.findElement(RemoteWebDriver.java:352)
	at org.openqa.selenium.remote.RemoteWebDriver.findElementByXPath(RemoteWebDriver.java:449)
	at org.openqa.selenium.By$ByXPath.findElement(By.java:357)
	at org.openqa.selenium.remote.RemoteWebDriver.findElement(RemoteWebDriver.java:344)
	at com.adactin.pages.login.LoginPage.dologin(LoginPage.java:48)
	at com.adactin.Testcases.TestCase116.loginandSearchhotels(TestCase116.java:32)
... Removed 28 stack frames]]>
    </failure>
  </testcase> <!-- loginandSearchhotels -->
  <testcase name="SearchOrderId" time="36.606" classname="com.adactin.Testcases.TestCase119"/>
</testsuite> <!-- TestCase -->
